#
# There is insufficient memory for the Java Runtime Environment to continue.
# Native memory allocation (malloc) failed to allocate 1048576 bytes. Error detail: AllocateHeap
# Possible reasons:
#   The system is out of physical RAM or swap space
#   This process is running with CompressedOops enabled, and the Java Heap may be blocking the growth of the native heap
# Possible solutions:
#   Reduce memory load on the system
#   Increase physical memory or swap space
#   Check if swap backing store is full
#   Decrease Java heap size (-Xmx/-Xms)
#   Decrease number of Java threads
#   Decrease Java thread stack sizes (-Xss)
#   Set larger code cache with -XX:ReservedCodeCacheSize=
#   JVM is running with Zero Based Compressed Oops mode in which the Java heap is
#     placed in the first 32GB address space. The Java Heap base address is the
#     maximum limit for the native heap growth. Please use -XX:HeapBaseMinAddress
#     to set the Java Heap base and to place the Java Heap above 32GB virtual address.
# This output file may be truncated or incomplete.
#
#  Out of Memory Error (allocation.cpp:44), pid=23916, tid=6164
#
# JRE version:  (22.0.2+9) (build )
# Java VM: Java HotSpot(TM) 64-Bit Server VM (22.0.2+9-70, mixed mode, sharing, tiered, compressed oops, compressed class ptrs, g1 gc, windows-amd64)
# No core dump will be written. Minidumps are not enabled by default on client versions of Windows
#

---------------  S U M M A R Y ------------

Command Line: -XX:+ShowCodeDetailsInExceptionMessages Aplicacao

Host: 13th Gen Intel(R) Core(TM) i5-13450HX, 16 cores, 15G,  Windows 11 , 64 bit Build 26100 (10.0.26100.2454)
Time: Sun Jan 19 18:23:06 2025 Hora oficial do Brasil elapsed time: 1.030112 seconds (0d 0h 0m 1s)

---------------  T H R E A D  ---------------

Current thread (0x000001e0bd969770):  JavaThread "Unknown thread" [_thread_in_vm, id=6164, stack(0x00000011c1300000,0x00000011c1400000) (1024K)]

Stack: [0x00000011c1300000,0x00000011c1400000]
Native frames: (J=compiled Java code, j=interpreted, Vv=VM code, C=native code)
V  [jvm.dll+0x6e26e9]  (no source info available)
V  [jvm.dll+0x875753]  (no source info available)
V  [jvm.dll+0x877b7e]  (no source info available)
V  [jvm.dll+0x878253]  (no source info available)
V  [jvm.dll+0x27fc86]  (no source info available)
V  [jvm.dll+0xbe877]  (no source info available)
V  [jvm.dll+0x335144]  (no source info available)
V  [jvm.dll+0x32d22e]  (no source info available)
V  [jvm.dll+0x83d5ac]  (no source info available)
V  [jvm.dll+0x3c10d1]  (no source info available)
V  [jvm.dll+0x8264cc]  (no source info available)
V  [jvm.dll+0x45bd5e]  (no source info available)
V  [jvm.dll+0x45dbe1]  (no source info available)
C  [jli.dll+0x52a3]  (no source info available)
C  [ucrtbase.dll+0x14ea0]  (no source info available)
C  [KERNEL32.DLL+0x2e8d7]  (no source info available)
C  [ntdll.dll+0xdfbcc]  (no source info available)


---------------  P R O C E S S  ---------------

Threads class SMR info:
_java_thread_list=0x00007ff8cd59c1c8, length=0, elements={
}

Java Threads: ( => current thread )
Total: 0

Other Threads:
  0x000001e0bd9d0340 WorkerThread "GC Thread#0"                     [id=16024, stack(0x00000011c1400000,0x00000011c1500000) (1024K)]

[error occurred during error reporting (printing all threads), id 0xc0000005, EXCEPTION_ACCESS_VIOLATION (0xc0000005) at pc=0x00007ff8ccce9c30]
VM state: not at safepoint (not fully initialized)

VM Mutex/Monitor currently owned by a thread:  ([mutex/lock_event])
[0x00007ff8cd61cc80] Heap_lock - owner thread: 0x000001e0bd969770

Heap address: 0x0000000704e00000, size: 4018 MB, Compressed Oops mode: Zero based, Oop shift amount: 3

CDS archive(s) mapped at: [0x0000000000000000-0x0000000000000000-0x0000000000000000), size 0, SharedBaseAddress: 0x0000000800000000, ArchiveRelocationMode: 1.
Narrow klass base: 0x0000000000000000, Narrow klass shift: 0, Narrow klass range: 0x0

GC Precious Log:
 CardTable entry size: 512
 Card Set container configuration: InlinePtr #cards 4 size 8 Array Of Cards #cards 16 size 48 Howl #buckets 8 coarsen threshold 3686 Howl Bitmap #cards 512 size 80 coarsen threshold 460 Card regions per heap region 1 cards per card region 4096

Heap:
 garbage-first heap   total reserved 4114432K, committed 0K, used 0K [0x0000000704e00000, 0x0000000800000000)
  region size 2048K, 0 young (0K), 0 survivors (0K)

[error occurred during error reporting (printing heap information), id 0xc0000005, EXCEPTION_ACCESS_VIOLATION (0xc0000005) at pc=0x00007ff8cd0ee869]
GC Heap History (0 events):
No events

Dll operation events (1 events):
Event: 0.008 Loaded shared library C:\Program Files\Java\jdk-22\bin\java.dll

Deoptimization events (0 events):
No events

Classes loaded (0 events):
No events

Classes unloaded (0 events):
No events

Classes redefined (0 events):
No events

Internal exceptions (0 events):
No events

ZGC Phase Switch (0 events):
No events

VM Operations (0 events):
No events

Memory protections (0 events):
No events

Nmethod flushes (0 events):
No events

Events (0 events):
No events


Dynamic libraries:
0x00007ff685d90000 - 0x00007ff685da0000 	C:\Program Files\Java\jdk-22\bin\java.exe
0x00007ff9776e0000 - 0x00007ff977943000 	C:\WINDOWS\SYSTEM32\ntdll.dll
0x00007ff976050000 - 0x00007ff976118000 	C:\WINDOWS\System32\KERNEL32.DLL
0x00007ff975150000 - 0x00007ff975502000 	C:\WINDOWS\System32\KERNELBASE.dll
0x00007ff974d10000 - 0x00007ff974e5b000 	C:\WINDOWS\System32\ucrtbase.dll
0x00007ff965af0000 - 0x00007ff965b07000 	C:\Program Files\Java\jdk-22\bin\jli.dll
0x00007ff975be0000 - 0x00007ff975da8000 	C:\WINDOWS\System32\USER32.dll
0x00007ff965ad0000 - 0x00007ff965aeb000 	C:\Program Files\Java\jdk-22\bin\VCRUNTIME140.dll
0x00007ff975510000 - 0x00007ff975537000 	C:\WINDOWS\System32\win32u.dll
0x00007ff95ca00000 - 0x00007ff95cc90000 	C:\WINDOWS\WinSxS\amd64_microsoft.windows.common-controls_6595b64144ccf1df_6.0.26100.2454_none_3e0b68a2e331ad60\COMCTL32.dll
0x00007ff975e00000 - 0x00007ff975e2a000 	C:\WINDOWS\System32\GDI32.dll
0x00007ff975e30000 - 0x00007ff975ed9000 	C:\WINDOWS\System32\msvcrt.dll
0x00007ff974ab0000 - 0x00007ff974bdb000 	C:\WINDOWS\System32\gdi32full.dll
0x00007ff9750a0000 - 0x00007ff975143000 	C:\WINDOWS\System32\msvcp_win.dll
0x00007ff975ee0000 - 0x00007ff975f0f000 	C:\WINDOWS\System32\IMM32.DLL
0x00007ff96b800000 - 0x00007ff96b80c000 	C:\Program Files\Java\jdk-22\bin\vcruntime140_1.dll
0x00007ff932130000 - 0x00007ff9321be000 	C:\Program Files\Java\jdk-22\bin\msvcp140.dll
0x00007ff8cc9b0000 - 0x00007ff8cd6f9000 	C:\Program Files\Java\jdk-22\bin\server\jvm.dll
0x00007ff976d80000 - 0x00007ff976e34000 	C:\WINDOWS\System32\ADVAPI32.dll
0x00007ff975f20000 - 0x00007ff975fc6000 	C:\WINDOWS\System32\sechost.dll
0x00007ff975ab0000 - 0x00007ff975bc6000 	C:\WINDOWS\System32\RPCRT4.dll
0x00007ff975fd0000 - 0x00007ff976044000 	C:\WINDOWS\System32\WS2_32.dll
0x00007ff973760000 - 0x00007ff9737ae000 	C:\WINDOWS\SYSTEM32\POWRPROF.dll
0x00007ff970f90000 - 0x00007ff970fc6000 	C:\WINDOWS\SYSTEM32\WINMM.dll
0x00007ff96b5a0000 - 0x00007ff96b5ab000 	C:\WINDOWS\SYSTEM32\VERSION.dll
0x00007ff973740000 - 0x00007ff973754000 	C:\WINDOWS\SYSTEM32\UMPDC.dll
0x00007ff973a00000 - 0x00007ff973a1a000 	C:\WINDOWS\SYSTEM32\kernel.appcore.dll
0x00007ff965a40000 - 0x00007ff965a4a000 	C:\Program Files\Java\jdk-22\bin\jimage.dll
0x00007ff971f80000 - 0x00007ff9721c1000 	C:\WINDOWS\SYSTEM32\DBGHELP.DLL
0x00007ff977010000 - 0x00007ff97738e000 	C:\WINDOWS\System32\combase.dll
0x00007ff976120000 - 0x00007ff9761f6000 	C:\WINDOWS\System32\OLEAUT32.dll
0x00007ff90c740000 - 0x00007ff90c779000 	C:\WINDOWS\SYSTEM32\dbgcore.DLL
0x00007ff974c70000 - 0x00007ff974d09000 	C:\WINDOWS\System32\bcryptPrimitives.dll
0x00007ff965a20000 - 0x00007ff965a3e000 	C:\Program Files\Java\jdk-22\bin\java.dll
0x00007ff976670000 - 0x00007ff976d71000 	C:\WINDOWS\System32\SHELL32.dll
0x00007ff976200000 - 0x00007ff976399000 	C:\WINDOWS\System32\ole32.dll

dbghelp: loaded successfully - version: 4.0.5 - missing functions: none
symbol engine: initialized successfully - sym options: 0x614 - pdb path: .;C:\Program Files\Java\jdk-22\bin;C:\WINDOWS\SYSTEM32;C:\WINDOWS\WinSxS\amd64_microsoft.windows.common-controls_6595b64144ccf1df_6.0.26100.2454_none_3e0b68a2e331ad60;C:\Program Files\Java\jdk-22\bin\server

VM Arguments:
jvm_args: -XX:+ShowCodeDetailsInExceptionMessages 
java_command: Aplicacao
java_class_path (initial): C:\Users\Gustavo\OneDrive\Área de Trabalho\minesweeper\campo_minado\bin;c:\Users\Gustavo\OneDrive\Área de Trabalho\minesweeper\campo_minado\lib\junit-platform-console-standalone-1.11.4.jar
Launcher Type: SUN_STANDARD

[Global flags]
     intx CICompilerCount                          = 12                                        {product} {ergonomic}
     uint ConcGCThreads                            = 3                                         {product} {ergonomic}
     uint G1ConcRefinementThreads                  = 13                                        {product} {ergonomic}
   size_t G1HeapRegionSize                         = 2097152                                   {product} {ergonomic}
   size_t InitialHeapSize                          = 264241152                                 {product} {ergonomic}
   size_t MarkStackSize                            = 4194304                                   {product} {ergonomic}
   size_t MaxHeapSize                              = 4213178368                                {product} {ergonomic}
   size_t MinHeapDeltaBytes                        = 2097152                                   {product} {ergonomic}
   size_t MinHeapSize                              = 8388608                                   {product} {ergonomic}
    uintx NonNMethodCodeHeapSize                   = 7602480                                {pd product} {ergonomic}
    uintx NonProfiledCodeHeapSize                  = 122027880                              {pd product} {ergonomic}
    uintx ProfiledCodeHeapSize                     = 122027880                              {pd product} {ergonomic}
    uintx ReservedCodeCacheSize                    = 251658240                              {pd product} {ergonomic}
     bool SegmentedCodeCache                       = true                                      {product} {ergonomic}
     bool ShowCodeDetailsInExceptionMessages       = true                                   {manageable} {command line}
   size_t SoftMaxHeapSize                          = 4213178368                             {manageable} {ergonomic}
     bool UseCompressedOops                        = true                           {product lp64_product} {ergonomic}
     bool UseG1GC                                  = true                                      {product} {ergonomic}
     bool UseLargePagesIndividualAllocation        = false                                  {pd product} {ergonomic}

Logging:
Log output configuration:
 #0: stdout all=warning uptime,level,tags foldmultilines=false
 #1: stderr all=off uptime,level,tags foldmultilines=false

Environment Variables:
PATH=C:\Program Files\Common Files\Oracle\Java\javapath;C:\Windows\system32;C:\Windows;C:\Windows\System32\Wbem;C:\Windows\System32\WindowsPowerShell\v1.0\;C:\Windows\System32\OpenSSH\;C:\Program Files\dotnet\;C:\Program Files (x86)\NVIDIA Corporation\PhysX\Common;C:\Program Files\NVIDIA Corporation\NVIDIA app\NvDLISR;C:\WINDOWS\system32;C:\WINDOWS;C:\WINDOWS\System32\Wbem;C:\WINDOWS\System32\WindowsPowerShell\v1.0\;C:\WINDOWS\System32\OpenSSH\;C:\Program Files\Git\cmd;C:\Users\Gustavo\AppData\Local\Microsoft\WindowsApps;C:\Users\Gustavo\AppData\Local\Programs\Microsoft VS Code\bin
USERNAME=Gustavo
LANG=en_US.UTF-8
OS=Windows_NT
PROCESSOR_IDENTIFIER=Intel64 Family 6 Model 183 Stepping 1, GenuineIntel
TMP=C:\Users\Gustavo\AppData\Local\Temp
TEMP=C:\Users\Gustavo\AppData\Local\Temp




Periodic native trim disabled

---------------  S Y S T E M  ---------------

OS:
 Windows 11 , 64 bit Build 26100 (10.0.26100.2454)
OS uptime: 1 days 5:36 hours
Hyper-V role detected

CPU: total 16 (initial active 16) (8 cores per cpu, 2 threads per core) family 6 model 183 stepping 1 microcode 0x12b, cx8, cmov, fxsr, ht, mmx, 3dnowpref, sse, sse2, sse3, ssse3, sse4.1, sse4.2, popcnt, lzcnt, tsc, tscinvbit, avx, avx2, aes, erms, clmul, bmi1, bmi2, adx, sha, fma, vzeroupper, clflush, clflushopt, clwb, hv, serialize, rdtscp, rdpid, fsrm, f16c, cet_ibt, cet_ss
Processor Information for processor 0
  Max Mhz: 2400, Current Mhz: 2400, Mhz Limit: 2400
Processor Information for processor 1
  Max Mhz: 2400, Current Mhz: 2400, Mhz Limit: 2400
Processor Information for processor 2
  Max Mhz: 2400, Current Mhz: 2400, Mhz Limit: 2400
Processor Information for processor 3
  Max Mhz: 2400, Current Mhz: 1520, Mhz Limit: 2400
Processor Information for processor 4
  Max Mhz: 2400, Current Mhz: 2400, Mhz Limit: 2400
Processor Information for processor 5
  Max Mhz: 2400, Current Mhz: 1520, Mhz Limit: 2400
Processor Information for processor 6
  Max Mhz: 2400, Current Mhz: 2400, Mhz Limit: 2400
Processor Information for processor 7
  Max Mhz: 2400, Current Mhz: 2400, Mhz Limit: 2400
Processor Information for processor 8
  Max Mhz: 2400, Current Mhz: 2400, Mhz Limit: 2400
Processor Information for processor 9
  Max Mhz: 2400, Current Mhz: 2400, Mhz Limit: 2400
Processor Information for processor 10
  Max Mhz: 2400, Current Mhz: 2400, Mhz Limit: 2400
Processor Information for processor 11
  Max Mhz: 2400, Current Mhz: 2400, Mhz Limit: 2400
Processor Information for processor 12
  Max Mhz: 2400, Current Mhz: 1800, Mhz Limit: 1800
Processor Information for processor 13
  Max Mhz: 2400, Current Mhz: 1800, Mhz Limit: 1800
Processor Information for processor 14
  Max Mhz: 2400, Current Mhz: 1800, Mhz Limit: 1800
Processor Information for processor 15
  Max Mhz: 2400, Current Mhz: 1500, Mhz Limit: 1800

Memory: 4k page, system-wide physical 16068M (5133M free)
TotalPageFile size 16084M (AvailPageFile size 4M)
current process WorkingSet (physical memory assigned to process): 13M, peak: 13M
current process commit charge ("private bytes"): 66M, peak: 67M

vm_info: Java HotSpot(TM) 64-Bit Server VM (22.0.2+9-70) for windows-amd64 JRE (22.0.2+9-70), built on 2024-06-04T16:52:23Z by "mach5one" with MS VC++ 17.6 (VS2022)

END.
